<?xml version="1.0" encoding="UTF-8"?>
<!-- Generated by org.testng.reporters.JUnitReportReporter -->
<testsuite hostname="DESKTOP-8QRD8C9" failures="0" tests="1" name="SingaporeAirlines.TestCases" time="29.217" errors="0" timestamp="2024-11-28T11:00:55 IST" skipped="0">
  <testcase classname="SingaporeAirlines.TestCases" name="searchFlights" time="29.217"/>
</testsuite> <!-- SingaporeAirlines.TestCases -->
