<?xml version="1.0" encoding="UTF-8"?>
<!-- Generated by org.testng.reporters.JUnitReportReporter -->
<testsuite hostname="DESKTOP-8QRD8C9" failures="0" tests="1" name="SingaporeAirlines.TestCases" time="37.388" errors="0" timestamp="2024-11-28T17:46:49 IST" skipped="0">
  <testcase classname="SingaporeAirlines.TestCases" name="searchFlights" time="37.388"/>
</testsuite> <!-- SingaporeAirlines.TestCases -->
