<?xml version="1.0" encoding="UTF-8"?>
<!-- Generated by org.testng.reporters.JUnitReportReporter -->
<testsuite hostname="DESKTOP-8QRD8C9" failures="0" tests="1" name="SingaporeAirlines.TestCases" time="17.826" errors="0" timestamp="2024-11-27T10:49:13 IST" skipped="0">
  <testcase classname="SingaporeAirlines.TestCases" name="searchFlights" time="17.826"/>
</testsuite> <!-- SingaporeAirlines.TestCases -->
