<?xml version="1.0" encoding="UTF-8"?>
<!-- Generated by org.testng.reporters.JUnitReportReporter -->
<testsuite hostname="DESKTOP-8QRD8C9" failures="0" tests="2" name="TestCases.AmazonTestCases" time="46.757" errors="0" timestamp="2024-11-22T21:12:56 IST" skipped="0">
  <testcase classname="TestCases.AmazonTestCases" name="tc08" time="9.709"/>
  <testcase classname="TestCases.AmazonTestCases" name="tc07" time="37.048"/>
</testsuite> <!-- TestCases.AmazonTestCases -->
